         ns       /mp2_cpu/dram/dataout                
          delta        /mp2_cpu/dram/address           
                       /mp2_cpu/dram/mwriteh_l         
                         /mp2_cpu/dram/mwritel_l       
          0  +0                    XXXX XXXX U U 
          0  +1                    XXXX XXXX 1 1 
       8856  +0                    01E0 00F4 0 0 
       9400  +2                    01E0 00F4 1 1 
      14506  +0                    000A 00F6 0 0 
      15050  +2                    000A 00F6 1 1 
      17956  +0                    4537 00F8 0 0 
      18500  +2                    4537 00F8 1 1 
      28406  +0                    A342 00FA 0 0 
      28950  +2                    A342 00FA 1 1 
      29756  +0                    01A1 00FC 0 0 
      30300  +2                    01A1 00FC 1 1 
      31106  +0                    FE62 00FE 0 0 
      31650  +2                    FE62 00FE 1 1 
      33206  +0                    0100 0102 0 0 
      33750  +2                    0100 0102 1 1 
      35956  +0                    FE6F 0100 0 0 
      36500  +2                    FE6F 0100 1 1 
      59856  +0                    001A 0102 0 0 
      60400  +2                    001A 0102 1 1 
      64906  +0                    FF9B 0104 0 0 
      65450  +2                    FF9B 0104 1 1 
      68556  +0                    000D 0106 0 0 
      69100  +2                    000D 0106 1 1 
      75506  +0                    517A 0108 0 0 
      76050  +2                    517A 0108 1 1 
      82006  +0                    0133 010A 0 0 
      82550  +2                    0133 010A 1 1 
      85756  +0                    9090 010D 0 1 
      86300  +2                    9090 010D 1 1 
      87156  +0                    00AC 010C 1 0 
      87700  +2                    00AC 010C 1 1 
      89856  +0                    90AC 010A 0 0 
      90400  +2                    90AC 010A 1 1 
      91956  +0                    00F2 0110 0 0 
      92500  +2                    00F2 0110 1 1 
      95256  +0                    0646 010E 0 0 
      95800  +2                    0646 010E 1 1 
     100306  +0                    126C 00A2 0 0 
     100850  +2                    126C 00A2 1 1 
     102456  +0                    000C 0112 0 0 
     103000  +2                    000C 0112 1 1 
     106706  +0                    AE85 0114 0 0 
     107250  +2                    AE85 0114 1 1 
     116006  +0                    600D 0116 0 0 
     116550  +2                    600D 0116 1 1 
     120456  +0                    00D8 0118 0 0 
     121000  +2                    00D8 0118 1 1 
